#
# There is insufficient memory for the Java Runtime Environment to continue.
# Native memory allocation (mmap) failed to map 87031808 bytes for committing reserved memory.
# Possible reasons:
#   The system is out of physical RAM or swap space
#   In 32 bit mode, the process size limit was hit
# Possible solutions:
#   Reduce memory load on the system
#   Increase physical memory or swap space
#   Check if swap backing store is full
#   Use 64 bit Java on a 64 bit OS
#   Decrease Java heap size (-Xmx/-Xms)
#   Decrease number of Java threads
#   Decrease Java thread stack sizes (-Xss)
#   Set larger code cache with -XX:ReservedCodeCacheSize=
# This output file may be truncated or incomplete.
#
#  Out of Memory Error (os_linux.cpp:2640), pid=24898, tid=0x00007f4479be5700
#
# JRE version:  (8.0_151-b12) (build )
# Java VM: Java HotSpot(TM) 64-Bit Server VM (25.151-b12 mixed mode linux-amd64 compressed oops)
# Failed to write core dump. Core dumps have been disabled. To enable core dumping, try "ulimit -c unlimited" before starting Java again
#

---------------  T H R E A D  ---------------

Current thread (0x00007f447000a800):  JavaThread "Unknown thread" [_thread_in_vm, id=24903, stack(0x00007f4479ae5000,0x00007f4479be6000)]

Stack: [0x00007f4479ae5000,0x00007f4479be6000],  sp=0x00007f4479be43c0,  free space=1020k
Native frames: (J=compiled Java code, j=interpreted, Vv=VM code, C=native code)
V  [libjvm.so+0xacb58a]  VMError::report_and_die()+0x2ba
V  [libjvm.so+0x4ff4ab]  report_vm_out_of_memory(char const*, int, unsigned long, VMErrorType, char const*)+0x8b
V  [libjvm.so+0x928113]  os::Linux::commit_memory_impl(char*, unsigned long, bool)+0x103
V  [libjvm.so+0x928669]  os::pd_commit_memory(char*, unsigned long, unsigned long, bool)+0x29
V  [libjvm.so+0x92288a]  os::commit_memory(char*, unsigned long, unsigned long, bool)+0x2a
V  [libjvm.so+0x9973e3]  PSVirtualSpace::expand_by(unsigned long)+0x53
V  [libjvm.so+0x9983a5]  PSYoungGen::initialize_virtual_space(ReservedSpace, unsigned long)+0x75
V  [libjvm.so+0x998d0e]  PSYoungGen::initialize(ReservedSpace, unsigned long)+0x3e
V  [libjvm.so+0x2dabe5]  AdjoiningGenerations::AdjoiningGenerations(ReservedSpace, GenerationSizer*, unsigned long)+0x345
V  [libjvm.so+0x94b796]  ParallelScavengeHeap::initialize()+0x1d6
V  [libjvm.so+0xa93603]  Universe::initialize_heap()+0xf3
V  [libjvm.so+0xa93b6e]  universe_init()+0x3e
V  [libjvm.so+0x640545]  init_globals()+0x65
V  [libjvm.so+0xa7725e]  Threads::create_vm(JavaVMInitArgs*, bool*)+0x23e
V  [libjvm.so+0x6d4e44]  JNI_CreateJavaVM+0x74
C  [libjli.so+0x797e]  JavaMain+0x9e
C  [libpthread.so.0+0x8184]  start_thread+0xc4


---------------  P R O C E S S  ---------------

Java Threads: ( => current thread )

Other Threads:

=>0x00007f447000a800 (exited) JavaThread "Unknown thread" [_thread_in_vm, id=24903, stack(0x00007f4479ae5000,0x00007f4479be6000)]

VM state:not at safepoint (not fully initialized)

VM Mutex/Monitor currently owned by a thread: None

GC Heap History (0 events):
No events

Deoptimization events (0 events):
No events

Internal exceptions (0 events):
No events

Events (0 events):
No events


Dynamic libraries:
00400000-00401000 r-xp 00000000 08:11 8522388                            /usr/lib/jvm/java-8-oracle/bin/java
00600000-00601000 rw-p 00000000 08:11 8522388                            /usr/lib/jvm/java-8-oracle/bin/java
00786000-007a7000 rw-p 00000000 00:00 0                                  [heap]
6c7000000-76d000000 ---p 00000000 00:00 0 
772300000-7c0000000 ---p 00000000 00:00 0 
7f4461000000-7f4461270000 rwxp 00000000 00:00 0 
7f4461270000-7f4470000000 ---p 00000000 00:00 0 
7f4470000000-7f4470032000 rw-p 00000000 00:00 0 
7f4470032000-7f4474000000 ---p 00000000 00:00 0 
7f4475e3c000-7f44760c3000 rw-p 00000000 00:00 0 
7f44760c3000-7f447688b000 ---p 00000000 00:00 0 
7f447688b000-7f4476896000 rw-p 00000000 00:00 0 
7f4476896000-7f4476c4c000 ---p 00000000 00:00 0 
7f4476c4c000-7f4476c67000 r-xp 00000000 08:11 8279737                    /usr/lib/jvm/java-8-oracle/jre/lib/amd64/libzip.so
7f4476c67000-7f4476e67000 ---p 0001b000 08:11 8279737                    /usr/lib/jvm/java-8-oracle/jre/lib/amd64/libzip.so
7f4476e67000-7f4476e68000 rw-p 0001b000 08:11 8279737                    /usr/lib/jvm/java-8-oracle/jre/lib/amd64/libzip.so
7f4476e68000-7f4476e72000 r-xp 00000000 08:11 2490462                    /lib/x86_64-linux-gnu/libnss_files-2.19.so
7f4476e72000-7f4477071000 ---p 0000a000 08:11 2490462                    /lib/x86_64-linux-gnu/libnss_files-2.19.so
7f4477071000-7f4477072000 r--p 00009000 08:11 2490462                    /lib/x86_64-linux-gnu/libnss_files-2.19.so
7f4477072000-7f4477073000 rw-p 0000a000 08:11 2490462                    /lib/x86_64-linux-gnu/libnss_files-2.19.so
7f4477073000-7f447707e000 r-xp 00000000 08:11 2494797                    /lib/x86_64-linux-gnu/libnss_nis-2.19.so
7f447707e000-7f447727d000 ---p 0000b000 08:11 2494797                    /lib/x86_64-linux-gnu/libnss_nis-2.19.so
7f447727d000-7f447727e000 r--p 0000a000 08:11 2494797                    /lib/x86_64-linux-gnu/libnss_nis-2.19.so
7f447727e000-7f447727f000 rw-p 0000b000 08:11 2494797                    /lib/x86_64-linux-gnu/libnss_nis-2.19.so
7f447727f000-7f4477296000 r-xp 00000000 08:11 2490458                    /lib/x86_64-linux-gnu/libnsl-2.19.so
7f4477296000-7f4477495000 ---p 00017000 08:11 2490458                    /lib/x86_64-linux-gnu/libnsl-2.19.so
7f4477495000-7f4477496000 r--p 00016000 08:11 2490458                    /lib/x86_64-linux-gnu/libnsl-2.19.so
7f4477496000-7f4477497000 rw-p 00017000 08:11 2490458                    /lib/x86_64-linux-gnu/libnsl-2.19.so
7f4477497000-7f4477499000 rw-p 00000000 00:00 0 
7f4477499000-7f44774a2000 r-xp 00000000 08:11 2491663                    /lib/x86_64-linux-gnu/libnss_compat-2.19.so
7f44774a2000-7f44776a1000 ---p 00009000 08:11 2491663                    /lib/x86_64-linux-gnu/libnss_compat-2.19.so
7f44776a1000-7f44776a2000 r--p 00008000 08:11 2491663                    /lib/x86_64-linux-gnu/libnss_compat-2.19.so
7f44776a2000-7f44776a3000 rw-p 00009000 08:11 2491663                    /lib/x86_64-linux-gnu/libnss_compat-2.19.so
7f44776a3000-7f44776ce000 r-xp 00000000 08:11 8279770                    /usr/lib/jvm/java-8-oracle/jre/lib/amd64/libjava.so
7f44776ce000-7f44778cd000 ---p 0002b000 08:11 8279770                    /usr/lib/jvm/java-8-oracle/jre/lib/amd64/libjava.so
7f44778cd000-7f44778cf000 rw-p 0002a000 08:11 8279770                    /usr/lib/jvm/java-8-oracle/jre/lib/amd64/libjava.so
7f44778cf000-7f44778dc000 r-xp 00000000 08:11 8279751                    /usr/lib/jvm/java-8-oracle/jre/lib/amd64/libverify.so
7f44778dc000-7f4477adc000 ---p 0000d000 08:11 8279751                    /usr/lib/jvm/java-8-oracle/jre/lib/amd64/libverify.so
7f4477adc000-7f4477ade000 rw-p 0000d000 08:11 8279751                    /usr/lib/jvm/java-8-oracle/jre/lib/amd64/libverify.so
7f4477ade000-7f4477ae5000 r-xp 00000000 08:11 2490470                    /lib/x86_64-linux-gnu/librt-2.19.so
7f4477ae5000-7f4477ce4000 ---p 00007000 08:11 2490470                    /lib/x86_64-linux-gnu/librt-2.19.so
7f4477ce4000-7f4477ce5000 r--p 00006000 08:11 2490470                    /lib/x86_64-linux-gnu/librt-2.19.so
7f4477ce5000-7f4477ce6000 rw-p 00007000 08:11 2490470                    /lib/x86_64-linux-gnu/librt-2.19.so
7f4477ce6000-7f4477deb000 r-xp 00000000 08:11 2490464                    /lib/x86_64-linux-gnu/libm-2.19.so
7f4477deb000-7f4477fea000 ---p 00105000 08:11 2490464                    /lib/x86_64-linux-gnu/libm-2.19.so
7f4477fea000-7f4477feb000 r--p 00104000 08:11 2490464                    /lib/x86_64-linux-gnu/libm-2.19.so
7f4477feb000-7f4477fec000 rw-p 00105000 08:11 2490464                    /lib/x86_64-linux-gnu/libm-2.19.so
7f4477fec000-7f4478cbf000 r-xp 00000000 08:11 8279741                    /usr/lib/jvm/java-8-oracle/jre/lib/amd64/server/libjvm.so
7f4478cbf000-7f4478ebe000 ---p 00cd3000 08:11 8279741                    /usr/lib/jvm/java-8-oracle/jre/lib/amd64/server/libjvm.so
7f4478ebe000-7f4478f98000 rw-p 00cd2000 08:11 8279741                    /usr/lib/jvm/java-8-oracle/jre/lib/amd64/server/libjvm.so
7f4478f98000-7f4478fe3000 rw-p 00000000 00:00 0 
7f4478fe3000-7f44791a1000 r-xp 00000000 08:11 2490465                    /lib/x86_64-linux-gnu/libc-2.19.so
7f44791a1000-7f44793a1000 ---p 001be000 08:11 2490465                    /lib/x86_64-linux-gnu/libc-2.19.so
7f44793a1000-7f44793a5000 r--p 001be000 08:11 2490465                    /lib/x86_64-linux-gnu/libc-2.19.so
7f44793a5000-7f44793a7000 rw-p 001c2000 08:11 2490465                    /lib/x86_64-linux-gnu/libc-2.19.so
7f44793a7000-7f44793ac000 rw-p 00000000 00:00 0 
7f44793ac000-7f44793af000 r-xp 00000000 08:11 2490469                    /lib/x86_64-linux-gnu/libdl-2.19.so
7f44793af000-7f44795ae000 ---p 00003000 08:11 2490469                    /lib/x86_64-linux-gnu/libdl-2.19.so
7f44795ae000-7f44795af000 r--p 00002000 08:11 2490469                    /lib/x86_64-linux-gnu/libdl-2.19.so
7f44795af000-7f44795b0000 rw-p 00003000 08:11 2490469                    /lib/x86_64-linux-gnu/libdl-2.19.so
7f44795b0000-7f44795c6000 r-xp 00000000 08:11 8407739                    /usr/lib/jvm/java-8-oracle/lib/amd64/jli/libjli.so
7f44795c6000-7f44797c5000 ---p 00016000 08:11 8407739                    /usr/lib/jvm/java-8-oracle/lib/amd64/jli/libjli.so
7f44797c5000-7f44797c6000 rw-p 00015000 08:11 8407739                    /usr/lib/jvm/java-8-oracle/lib/amd64/jli/libjli.so
7f44797c6000-7f44797df000 r-xp 00000000 08:11 2490466                    /lib/x86_64-linux-gnu/libpthread-2.19.so
7f44797df000-7f44799de000 ---p 00019000 08:11 2490466                    /lib/x86_64-linux-gnu/libpthread-2.19.so
7f44799de000-7f44799df000 r--p 00018000 08:11 2490466                    /lib/x86_64-linux-gnu/libpthread-2.19.so
7f44799df000-7f44799e0000 rw-p 00019000 08:11 2490466                    /lib/x86_64-linux-gnu/libpthread-2.19.so
7f44799e0000-7f44799e4000 rw-p 00000000 00:00 0 
7f44799e4000-7f4479a07000 r-xp 00000000 08:11 2491661                    /lib/x86_64-linux-gnu/ld-2.19.so
7f4479ae5000-7f4479ae8000 ---p 00000000 00:00 0 
7f4479ae8000-7f4479bea000 rw-p 00000000 00:00 0 
7f4479bf7000-7f4479bfa000 rw-p 00000000 00:00 0 
7f4479bfa000-7f4479c02000 rw-s 00000000 08:11 4857720                    /tmp/hsperfdata_batrakov/24898
7f4479c02000-7f4479c03000 rw-p 00000000 00:00 0 
7f4479c03000-7f4479c04000 r--p 00000000 00:00 0 
7f4479c04000-7f4479c06000 rw-p 00000000 00:00 0 
7f4479c06000-7f4479c07000 r--p 00022000 08:11 2491661                    /lib/x86_64-linux-gnu/ld-2.19.so
7f4479c07000-7f4479c08000 rw-p 00023000 08:11 2491661                    /lib/x86_64-linux-gnu/ld-2.19.so
7f4479c08000-7f4479c09000 rw-p 00000000 00:00 0 
7ffeb66a8000-7ffeb66ca000 rw-p 00000000 00:00 0                          [stack]
7ffeb66da000-7ffeb66dc000 r--p 00000000 00:00 0                          [vvar]
7ffeb66dc000-7ffeb66de000 r-xp 00000000 00:00 0                          [vdso]
ffffffffff600000-ffffffffff601000 r-xp 00000000 00:00 0                  [vsyscall]

VM Arguments:
jvm_args: -Dfile.encoding=UTF-8 
java_command: com.batrakov.GerritParser
java_class_path (initial): /usr/lib/jvm/java-8-oracle/jre/lib/resources.jar:/usr/lib/jvm/java-8-oracle/jre/lib/rt.jar:/usr/lib/jvm/java-8-oracle/jre/lib/jsse.jar:/usr/lib/jvm/java-8-oracle/jre/lib/jce.jar:/usr/lib/jvm/java-8-oracle/jre/lib/charsets.jar:/usr/lib/jvm/java-8-oracle/jre/lib/jfr.jar:/usr/lib/jvm/java-8-oracle/jre/lib/ext/nashorn.jar:/usr/lib/jvm/java-8-oracle/jre/lib/ext/sunec.jar:/usr/lib/jvm/java-8-oracle/jre/lib/ext/sunjce_provider.jar:/usr/lib/jvm/java-8-oracle/jre/lib/ext/jaccess.jar:/usr/lib/jvm/java-8-oracle/jre/lib/ext/sunpkcs11.jar:/usr/lib/jvm/java-8-oracle/jre/lib/ext/localedata.jar:/usr/lib/jvm/java-8-oracle/jre/lib/ext/jfxrt.jar:/usr/lib/jvm/java-8-oracle/jre/lib/ext/zipfs.jar:/usr/lib/jvm/java-8-oracle/jre/lib/ext/dnsns.jar:/usr/lib/jvm/java-8-oracle/jre/lib/ext/cldrdata.jar:/home/batrakov/eclipse-workspace/GerritParser/target/classes:/home/batrakov/.m2/repository/com/urswolfer/gerrit/client/rest/gerrit-rest-java-client/0.8.13/gerrit-rest-java-client-0.8.13.jar:/home/batrakov/.m2/repository/org/apache/httpcomponents/httpclient/4.5.3/httpclient-4.5.3.jar:/home/batrakov/.m2/repository/org/apache/httpcomponents/httpcore/4.4.6/httpcore-4.4.6.jar:/home/batrakov/.m2/repository/commons-logging/commons-logging/1.2/commons-logging-1.2.jar:/home/batrakov/.m2/repository/commons-codec/commons-codec/1.9/commons-codec-1.9.jar:/home/batrakov/.m2/repository/com/google/code/gson/gson/2.8.2/gson-2.8.2.jar:/home/batrakov/.m2/repository/com/google/guava/guava/20.0/guava-20.0.jar:/home/batrakov/.m2/repository/org/apache/poi/poi-ooxml/3.17/poi-ooxml-3.17.jar:/home/batrakov/.m2/repository/org/apache/poi/poi/3.17/poi-3.17.jar:/home/batrakov/.m2/repository/org/apache/commons/commons-collections4/4.1/commons-collections4-4.1.jar:/home/batrakov/.m2/repository/org/apache/poi/poi-ooxml-schemas/3.17/poi-ooxml-schemas-3.17.jar:/home/batrakov/.m2/repository/org/apache/xmlbeans/xmlbeans/2.6.0/xmlbeans-2.6.0.jar:/home/batrakov/.m2/repository/stax/stax-api/1.0.1/stax-api-1
Launcher Type: SUN_STANDARD

Environment Variables:
JAVA_HOME=/usr/lib/jvm/java-8-oracle
PATH=/usr/local/sbin:/usr/local/bin:/usr/sbin:/usr/bin:/sbin:/bin:/usr/games:/usr/local/games:/usr/lib/jvm/java-8-oracle/bin:/usr/lib/jvm/java-8-oracle/db/bin:/usr/lib/jvm/java-8-oracle/jre/bin
SHELL=/bin/bash
DISPLAY=:0

Signal Handlers:
SIGSEGV: [libjvm.so+0xacbe10], sa_mask[0]=11111111011111111101111111111110, sa_flags=SA_RESTART|SA_SIGINFO
SIGBUS: [libjvm.so+0xacbe10], sa_mask[0]=11111111011111111101111111111110, sa_flags=SA_RESTART|SA_SIGINFO
SIGFPE: [libjvm.so+0x924f90], sa_mask[0]=11111111011111111101111111111110, sa_flags=SA_RESTART|SA_SIGINFO
SIGPIPE: [libjvm.so+0x924f90], sa_mask[0]=11111111011111111101111111111110, sa_flags=SA_RESTART|SA_SIGINFO
SIGXFSZ: [libjvm.so+0x924f90], sa_mask[0]=11111111011111111101111111111110, sa_flags=SA_RESTART|SA_SIGINFO
SIGILL: [libjvm.so+0x924f90], sa_mask[0]=11111111011111111101111111111110, sa_flags=SA_RESTART|SA_SIGINFO
SIGUSR1: SIG_DFL, sa_mask[0]=00000000000000000000000000000000, sa_flags=none
SIGUSR2: [libjvm.so+0x9267d0], sa_mask[0]=00100000000000000000000000000000, sa_flags=SA_RESTART|SA_SIGINFO
SIGHUP: SIG_DFL, sa_mask[0]=00000000000000000000000000000000, sa_flags=none
SIGINT: SIG_DFL, sa_mask[0]=00000000000000000000000000000000, sa_flags=none
SIGTERM: SIG_DFL, sa_mask[0]=00000000000000000000000000000000, sa_flags=none
SIGQUIT: SIG_DFL, sa_mask[0]=00000000000000000000000000000000, sa_flags=none


---------------  S Y S T E M  ---------------

OS:DISTRIB_ID=Ubuntu
DISTRIB_RELEASE=14.04
DISTRIB_CODENAME=trusty
DISTRIB_DESCRIPTION="Ubuntu 14.04.5 LTS"

uname:Linux 4.4.0-103-generic #126~14.04.1-Ubuntu SMP Mon Dec 4 19:33:04 UTC 2017 x86_64
libc:glibc 2.19 NPTL 2.19 
rlimit: STACK 8192k, CORE 0k, NPROC 63632, NOFILE 4096, AS infinity
load average:0.29 0.48 0.61

/proc/meminfo:
MemTotal:       16315476 kB
MemFree:          174024 kB
MemAvailable:      46988 kB
Buffers:            1320 kB
Cached:           136252 kB
SwapCached:            0 kB
Active:         15673512 kB
Inactive:         113180 kB
Active(anon):   15651944 kB
Inactive(anon):    91324 kB
Active(file):      21568 kB
Inactive(file):    21856 kB
Unevictable:         548 kB
Mlocked:             548 kB
SwapTotal:             0 kB
SwapFree:              0 kB
Dirty:               832 kB
Writeback:             0 kB
AnonPages:      15650560 kB
Mapped:           127728 kB
Shmem:             93256 kB
Slab:             100124 kB
SReclaimable:      39212 kB
SUnreclaim:        60912 kB
KernelStack:       39376 kB
PageTables:       113360 kB
NFS_Unstable:          0 kB
Bounce:                0 kB
WritebackTmp:          0 kB
CommitLimit:     8157736 kB
Committed_AS:   44831284 kB
VmallocTotal:   34359738367 kB
VmallocUsed:           0 kB
VmallocChunk:          0 kB
HardwareCorrupted:     0 kB
AnonHugePages:   8456192 kB
CmaTotal:              0 kB
CmaFree:               0 kB
HugePages_Total:       0
HugePages_Free:        0
HugePages_Rsvd:        0
HugePages_Surp:        0
Hugepagesize:       2048 kB
DirectMap4k:      331220 kB
DirectMap2M:    14231552 kB
DirectMap1G:     2097152 kB


CPU:total 4 (initial active 4) (4 cores per cpu, 1 threads per core) family 6 model 60 stepping 3, cmov, cx8, fxsr, mmx, sse, sse2, sse3, ssse3, sse4.1, sse4.2, popcnt, avx, avx2, aes, clmul, erms, lzcnt, tsc, tscinvbit, bmi1, bmi2

/proc/cpuinfo:
processor	: 0
vendor_id	: GenuineIntel
cpu family	: 6
model		: 60
model name	: Intel(R) Core(TM) i5-4460  CPU @ 3.20GHz
stepping	: 3
microcode	: 0x1c
cpu MHz		: 3303.000
cache size	: 6144 KB
physical id	: 0
siblings	: 4
core id		: 0
cpu cores	: 4
apicid		: 0
initial apicid	: 0
fpu		: yes
fpu_exception	: yes
cpuid level	: 13
wp		: yes
flags		: fpu vme de pse tsc msr pae mce cx8 apic sep mtrr pge mca cmov pat pse36 clflush dts acpi mmx fxsr sse sse2 ss ht tm pbe syscall nx pdpe1gb rdtscp lm constant_tsc arch_perfmon pebs bts rep_good nopl xtopology nonstop_tsc aperfmperf eagerfpu pni pclmulqdq dtes64 monitor ds_cpl vmx est tm2 ssse3 sdbg fma cx16 xtpr pdcm pcid sse4_1 sse4_2 x2apic movbe popcnt tsc_deadline_timer aes xsave avx f16c rdrand lahf_lm abm tpr_shadow vnmi flexpriority ept vpid fsgsbase tsc_adjust bmi1 avx2 smep bmi2 erms invpcid xsaveopt dtherm ida arat pln pts
bugs		:
bogomips	: 6399.75
clflush size	: 64
cache_alignment	: 64
address sizes	: 39 bits physical, 48 bits virtual
power management:

processor	: 1
vendor_id	: GenuineIntel
cpu family	: 6
model		: 60
model name	: Intel(R) Core(TM) i5-4460  CPU @ 3.20GHz
stepping	: 3
microcode	: 0x1c
cpu MHz		: 3237.000
cache size	: 6144 KB
physical id	: 0
siblings	: 4
core id		: 1
cpu cores	: 4
apicid		: 2
initial apicid	: 2
fpu		: yes
fpu_exception	: yes
cpuid level	: 13
wp		: yes
flags		: fpu vme de pse tsc msr pae mce cx8 apic sep mtrr pge mca cmov pat pse36 clflush dts acpi mmx fxsr sse sse2 ss ht tm pbe syscall nx pdpe1gb rdtscp lm constant_tsc arch_perfmon pebs bts rep_good nopl xtopology nonstop_tsc aperfmperf eagerfpu pni pclmulqdq dtes64 monitor ds_cpl vmx est tm2 ssse3 sdbg fma cx16 xtpr pdcm pcid sse4_1 sse4_2 x2apic movbe popcnt tsc_deadline_timer aes xsave avx f16c rdrand lahf_lm abm tpr_shadow vnmi flexpriority ept vpid fsgsbase tsc_adjust bmi1 avx2 smep bmi2 erms invpcid xsaveopt dtherm ida arat pln pts
bugs		:
bogomips	: 6399.75
clflush size	: 64
cache_alignment	: 64
address sizes	: 39 bits physical, 48 bits virtual
power management:

processor	: 2
vendor_id	: GenuineIntel
cpu family	: 6
model		: 60
model name	: Intel(R) Core(TM) i5-4460  CPU @ 3.20GHz
stepping	: 3
microcode	: 0x1c
cpu MHz		: 3262.750
cache size	: 6144 KB
physical id	: 0
siblings	: 4
core id		: 2
cpu cores	: 4
apicid		: 4
initial apicid	: 4
fpu		: yes
fpu_exception	: yes
cpuid level	: 13
wp		: yes
flags		: fpu vme de pse tsc msr pae mce cx8 apic sep mtrr pge mca cmov pat pse36 clflush dts acpi mmx fxsr sse sse2 ss ht tm pbe syscall nx pdpe1gb rdtscp lm constant_tsc arch_perfmon pebs bts rep_good nopl xtopology nonstop_tsc aperfmperf eagerfpu pni pclmulqdq dtes64 monitor ds_cpl vmx est tm2 ssse3 sdbg fma cx16 xtpr pdcm pcid sse4_1 sse4_2 x2apic movbe popcnt tsc_deadline_timer aes xsave avx f16c rdrand lahf_lm abm tpr_shadow vnmi flexpriority ept vpid fsgsbase tsc_adjust bmi1 avx2 smep bmi2 erms invpcid xsaveopt dtherm ida arat pln pts
bugs		:
bogomips	: 6399.75
clflush size	: 64
cache_alignment	: 64
address sizes	: 39 bits physical, 48 bits virtual
power management:

processor	: 3
vendor_id	: GenuineIntel
cpu family	: 6
model		: 60
model name	: Intel(R) Core(TM) i5-4460  CPU @ 3.20GHz
stepping	: 3
microcode	: 0x1c
cpu MHz		: 3282.500
cache size	: 6144 KB
physical id	: 0
siblings	: 4
core id		: 3
cpu cores	: 4
apicid		: 6
initial apicid	: 6
fpu		: yes
fpu_exception	: yes
cpuid level	: 13
wp		: yes
flags		: fpu vme de pse tsc msr pae mce cx8 apic sep mtrr pge mca cmov pat pse36 clflush dts acpi mmx fxsr sse sse2 ss ht tm pbe syscall nx pdpe1gb rdtscp lm constant_tsc arch_perfmon pebs bts rep_good nopl xtopology nonstop_tsc aperfmperf eagerfpu pni pclmulqdq dtes64 monitor ds_cpl vmx est tm2 ssse3 sdbg fma cx16 xtpr pdcm pcid sse4_1 sse4_2 x2apic movbe popcnt tsc_deadline_timer aes xsave avx f16c rdrand lahf_lm abm tpr_shadow vnmi flexpriority ept vpid fsgsbase tsc_adjust bmi1 avx2 smep bmi2 erms invpcid xsaveopt dtherm ida arat pln pts
bugs		:
bogomips	: 6399.75
clflush size	: 64
cache_alignment	: 64
address sizes	: 39 bits physical, 48 bits virtual
power management:



Memory: 4k page, physical 16315476k(174220k free), swap 0k(0k free)

vm_info: Java HotSpot(TM) 64-Bit Server VM (25.151-b12) for linux-amd64 JRE (1.8.0_151-b12), built on Sep  5 2017 19:20:58 by "java_re" with gcc 4.3.0 20080428 (Red Hat 4.3.0-8)

time: Tue Dec 12 17:22:53 2017
elapsed time: 0 seconds (0d 0h 0m 0s)

